Arguments: 
  /c/Users/charl/Projetos/.nvm/versions/node/v12.16.2/bin/node /c/Program Files (x86)/Yarn/bin/yarn.js

PATH: 
  /c/Users/charl/Projetos/.rbenv/shims:/c/Users/charl/Projetos/.rbenv/bin:/c/Users/charl/Projetos/.nvm/versions/node/v12.16.2/bin:/c/Users/charl/Projetos/.zinit/polaris/bin:/c/Users/charl/Projetos/.rbenv/shims:/c/Users/charl/Projetos/.rbenv/bin:/usr/local/sbin:/usr/local/bin:/usr/sbin:/usr/bin:/sbin:/bin:/usr/games:/usr/local/games:/c/Python27/:/c/Python27/Scripts:/c/app/charliedeus@gmail.com/product/12.2.0/client_1:/c/app/charliedeus@gmail.com/product/12.2.0/client_1/bin:/c/Program Files (x86)/Common Files/Oracle/Java/javapath:/c/Program Files (x86)/Intel/Intel(R) Management Engine Components/iCLS/:/c/Program Files/Intel/Intel(R) Management Engine Components/iCLS/:/c/Windows/system32:/c/Windows:/c/Windows/System32/Wbem:/c/Windows/System32/WindowsPowerShell/v1.0/:/c/Windows/System32/OpenSSH/:/c/Program Files (x86)/Intel/Intel(R) Management Engine Components/DAL:/c/Program Files/Intel/Intel(R) Management Engine Components/DAL:/c/Program Files (x86)/Intel/Intel(R) Management Engine Components/IPT:/c/Program Files/Intel/Intel(R) Management Engine Components/IPT:/c/ProgramData/chocolatey/bin:/c/Program Files/nodejs/:/c/Program Files (x86)/Yarn/bin/:/c/Program Files/Java/jdk1.8.0_211/bin:/c/Program Files/Docker/Docker/resources/bin:/c/ProgramData/DockerDesktop/version-bin:/c/Program Files (x86)/NVIDIA Corporation/PhysX/Common:/c/Users/charl/AppData/Local/Microsoft/WindowsApps:/c/Users/charl/AppData/Local/Programs/Microsoft VS Code/bin:/c/Users/charl/AppData/Roaming/npm:/c/Users/charl/AppData/Local/Yarn/bin:/c/Users/charl/AppData/Local/hyper/app-3.0.2/resources/bin:/c/Users/charl/Projetos/.local/bin:/home/charliedeus/Android/tools:/home/charliedeus/Android/platform-tools

Yarn version: 
  1.22.4

Node version: 
  12.16.2

Platform: 
  linux x64

Trace: 
  Error: https://registry.yarnpkg.com/date-fns/-/date-fns-2.14.0.tgz: ESOCKETTIMEDOUT
      at ClientRequest.<anonymous> (/c/Program Files (x86)/Yarn/lib/cli.js:141375:19)
      at Object.onceWrapper (events.js:416:28)
      at ClientRequest.emit (events.js:310:20)
      at TLSSocket.emitRequestTimeout (_http_client.js:714:9)
      at Object.onceWrapper (events.js:416:28)
      at TLSSocket.emit (events.js:310:20)
      at TLSSocket.Socket._onTimeout (net.js:479:8)
      at listOnTimeout (internal/timers.js:549:17)
      at processTimers (internal/timers.js:492:7)

npm manifest: 
  {
    "name": "02-primeiro-projeto-com-nodejs",
    "version": "1.0.0",
    "main": "index.js",
    "license": "MIT",
    "scripts": {
      "build": "tsc",
      "dev:server": "ts-node-dev -r tsconfig-paths/register --inspect --transpileOnly --ignore-watch node_modules src/shared/infra/http/server.ts",
      "start": "ts-node src/shared/infra/http/server.ts",
      "typeorm": "ts-node-dev -r tsconfig-paths/register ./node_modules/typeorm/cli.js"
    },
    "dependencies": {
      "bcryptjs": "^2.4.3",
      "cors": "^2.8.5",
      "date-fns": "^2.12.0",
      "express": "^4.17.1",
      "express-async-errors": "^3.1.1",
      "jsonwebtoken": "^8.5.1",
      "multer": "^1.4.2",
      "pg": "^8.0.3",
      "reflect-metadata": "^0.1.13",
      "typeorm": "^0.2.24",
      "uuidv4": "^6.0.7"
    },
    "devDependencies": {
      "@types/bcryptjs": "^2.4.2",
      "@types/express": "^4.17.6",
      "@types/jsonwebtoken": "^8.3.9",
      "@types/multer": "^1.4.3",
      "@typescript-eslint/eslint-plugin": "^2.29.0",
      "@typescript-eslint/parser": "^2.29.1-alpha.0",
      "eslint": "^6.8.0",
      "eslint-config-airbnb-base": "^14.1.0",
      "eslint-config-prettier": "^6.10.1",
      "eslint-import-resolver-typescript": "^2.0.0",
      "eslint-plugin-import": "^2.20.1",
      "eslint-plugin-prettier": "^3.1.3",
      "prettier": "^2.0.4",
      "ts-node-dev": "^1.0.0-pre.44",
      "tsconfig-paths": "^3.9.0",
      "typescript": "^3.8.3"
    }
  }

yarn manifest: 
  No manifest

Lockfile: 
  No lockfile
